
                            < M A T L A B (R) >
                  Copyright 1984-2015 The MathWorks, Inc.
                   R2015a (8.5.0.197613) 64-bit (glnxa64)
                             February 12, 2015

 
To get started, type one of these: helpwin, helpdesk, or demo.
For product information, visit www.mathworks.com.
 

	Academic License


                            < M A T L A B (R) >
                  Copyright 1984-2015 The MathWorks, Inc.
                   R2015a (8.5.0.197613) 64-bit (glnxa64)
                             February 12, 2015

 
To get started, type one of these: helpwin, helpdesk, or demo.
For product information, visit www.mathworks.com.
 

	Academic License


                            < M A T L A B (R) >
                  Copyright 1984-2015 The MathWorks, Inc.
                   R2015a (8.5.0.197613) 64-bit (glnxa64)
                             February 12, 2015

 
To get started, type one of these: helpwin, helpdesk, or demo.
For product information, visit www.mathworks.com.
 

	Academic License


                            < M A T L A B (R) >
                  Copyright 1984-2015 The MathWorks, Inc.
                   R2015a (8.5.0.197613) 64-bit (glnxa64)
                             February 12, 2015

 
To get started, type one of these: helpwin, helpdesk, or demo.
For product information, visit www.mathworks.com.
 

	Academic License

channel 1 extraction:

initializing stuff...

reading from SAS output file...

printing temporary files...

plotting...
plotting complete...

cleaning up...

channel 2 extraction:

initializing stuff...

reading from SAS output file...

printing temporary files...

plotting...
plotting complete...

cleaning up...

channel 3 extraction:

initializing stuff...

reading from SAS output file...

printing temporary files...

plotting...
plotting complete...

cleaning up...

channel 4 extraction:

initializing stuff...

reading from SAS output file...

printing temporary files...

plotting...
plotting complete...

cleaning up...

data extraction complete
